[    22.035] _XSERVTransSocketUNIXCreateListener: ...SocketCreateListener() failed
[    22.040] _XSERVTransMakeAllCOTSServerListeners: server already running
[    22.040] (--) Log file renamed from "/home/nate/.local/share/xorg/Xorg.pid-1290.log" to "/home/nate/.local/share/xorg/Xorg.1.log"
[    22.043] 
X.Org X Server 1.20.4
X Protocol Version 11, Revision 0
[    22.043] Build Operating System: Linux 4.4.0-148-generic x86_64 Ubuntu
[    22.043] Current Operating System: Linux nate-VirtualBox 5.0.0-23-generic #24~18.04.1-Ubuntu SMP Mon Jul 29 16:12:28 UTC 2019 x86_64
[    22.043] Kernel command line: BOOT_IMAGE=/boot/vmlinuz-5.0.0-23-generic root=UUID=172ac6c9-556a-49a6-9a14-6d40e97467c5 ro quiet splash
[    22.043] Build Date: 02 May 2019  08:06:54AM
[    22.043] xorg-server-hwe-18.04 2:1.20.4-1ubuntu3~18.04.1 (For technical support please see http://www.ubuntu.com/support) 
[    22.043] Current version of pixman: 0.34.0
[    22.043] 	Before reporting problems, check http://wiki.x.org
	to make sure that you have the latest version.
[    22.044] Markers: (--) probed, (**) from config file, (==) default setting,
	(++) from command line, (!!) notice, (II) informational,
	(WW) warning, (EE) error, (NI) not implemented, (??) unknown.
[    22.044] (==) Log file: "/home/nate/.local/share/xorg/Xorg.1.log", Time: Fri Jan 24 10:17:16 2020
[    22.044] (==) Using system config directory "/usr/share/X11/xorg.conf.d"
[    22.044] (==) No Layout section.  Using the first Screen section.
[    22.044] (==) No screen section available. Using defaults.
[    22.044] (**) |-->Screen "Default Screen Section" (0)
[    22.044] (**) |   |-->Monitor "<default monitor>"
[    22.045] (==) No monitor specified for screen "Default Screen Section".
	Using a default monitor configuration.
[    22.045] (==) Automatically adding devices
[    22.045] (==) Automatically enabling devices
[    22.045] (==) Automatically adding GPU devices
[    22.045] (==) Automatically binding GPU devices
[    22.045] (==) Max clients allowed: 256, resource mask: 0x1fffff
[    22.051] (WW) The directory "/usr/share/fonts/X11/cyrillic" does not exist.
[    22.051] 	Entry deleted from font path.
[    22.051] (WW) The directory "/usr/share/fonts/X11/100dpi/" does not exist.
[    22.051] 	Entry deleted from font path.
[    22.051] (WW) The directory "/usr/share/fonts/X11/75dpi/" does not exist.
[    22.051] 	Entry deleted from font path.
[    22.052] (WW) The directory "/usr/share/fonts/X11/100dpi" does not exist.
[    22.052] 	Entry deleted from font path.
[    22.052] (WW) The directory "/usr/share/fonts/X11/75dpi" does not exist.
[    22.052] 	Entry deleted from font path.
[    22.052] (==) FontPath set to:
	/usr/share/fonts/X11/misc,
	/usr/share/fonts/X11/Type1,
	built-ins
[    22.052] (==) ModulePath set to "/usr/lib/xorg/modules"
[    22.052] (II) The server relies on udev to provide the list of input devices.
	If no devices become available, reconfigure udev or disable AutoAddDevices.
[    22.053] (II) Loader magic: 0x55ec6e14d020
[    22.053] (II) Module ABI versions:
[    22.053] 	X.Org ANSI C Emulation: 0.4
[    22.053] 	X.Org Video Driver: 24.0
[    22.053] 	X.Org XInput driver : 24.1
[    22.053] 	X.Org Server Extension : 10.0
[    22.054] (++) using VT number 2

[    22.056] (II) systemd-logind: took control of session /org/freedesktop/login1/session/_34
[    22.059] (II) xfree86: Adding drm device (/dev/dri/card0)
[    22.061] (II) systemd-logind: got fd for /dev/dri/card0 226:0 fd 13 paused 0
[    22.069] (--) PCI:*(0@0:2:0) 15ad:0405:15ad:0405 rev 0, Mem @ 0xf0000000/16777216, 0xf1000000/2097152, I/O @ 0x0000d010/16, BIOS @ 0x????????/131072
[    22.069] (II) LoadModule: "glx"
[    22.070] (II) Loading /usr/lib/xorg/modules/extensions/libglx.so
[    22.071] (II) Module glx: vendor="X.Org Foundation"
[    22.071] 	compiled for 1.20.4, module version = 1.0.0
[    22.072] 	ABI class: X.Org Server Extension, version 10.0
[    22.072] (==) Matched vmware as autoconfigured driver 0
[    22.072] (==) Matched modesetting as autoconfigured driver 1
[    22.072] (==) Matched fbdev as autoconfigured driver 2
[    22.072] (==) Matched vesa as autoconfigured driver 3
[    22.072] (==) Assigned the driver to the xf86ConfigLayout
[    22.072] (II) LoadModule: "vmware"
[    22.072] (II) Loading /usr/lib/xorg/modules/drivers/vmware_drv.so
[    22.114] (II) Module vmware: vendor="X.Org Foundation"
[    22.114] 	compiled for 1.20.1, module version = 13.3.0
[    22.114] 	Module class: X.Org Video Driver
[    22.114] 	ABI class: X.Org Video Driver, version 24.0
[    22.115] (II) LoadModule: "modesetting"
[    22.115] (II) Loading /usr/lib/xorg/modules/drivers/modesetting_drv.so
[    22.115] (II) Module modesetting: vendor="X.Org Foundation"
[    22.115] 	compiled for 1.20.4, module version = 1.20.4
[    22.115] 	Module class: X.Org Video Driver
[    22.115] 	ABI class: X.Org Video Driver, version 24.0
[    22.115] (II) LoadModule: "fbdev"
[    22.115] (II) Loading /usr/lib/xorg/modules/drivers/fbdev_drv.so
[    22.116] (II) Module fbdev: vendor="X.Org Foundation"
[    22.116] 	compiled for 1.20.1, module version = 0.5.0
[    22.116] 	Module class: X.Org Video Driver
[    22.116] 	ABI class: X.Org Video Driver, version 24.0
[    22.116] (II) LoadModule: "vesa"
[    22.122] (II) Loading /usr/lib/xorg/modules/drivers/vesa_drv.so
[    22.123] (II) Module vesa: vendor="X.Org Foundation"
[    22.123] 	compiled for 1.20.1, module version = 2.4.0
[    22.123] 	Module class: X.Org Video Driver
[    22.123] 	ABI class: X.Org Video Driver, version 24.0
[    22.123] (II) vmware: driver for VMware SVGA: vmware0405, vmware0710
[    22.123] (II) modesetting: Driver for Modesetting Kernel Drivers: kms
[    22.124] (II) FBDEV: driver for framebuffer: fbdev
[    22.124] (II) VESA: driver for VESA chipsets: vesa
[    22.124] xf86EnableIOPorts: failed to set IOPL for I/O (Operation not permitted)
[    22.124] (WW) Falling back to old probe method for modesetting
[    22.124] (WW) Falling back to old probe method for fbdev
[    22.124] (II) Loading sub module "fbdevhw"
[    22.124] (II) LoadModule: "fbdevhw"
[    22.125] (II) Loading /usr/lib/xorg/modules/libfbdevhw.so
[    22.126] (II) Module fbdevhw: vendor="X.Org Foundation"
[    22.126] 	compiled for 1.20.4, module version = 0.0.2
[    22.126] 	ABI class: X.Org Video Driver, version 24.0
[    22.126] (EE) open /dev/fb0: Permission denied
[    22.126] (WW) VGA arbiter: cannot open kernel arbiter, no multi-card support
[    22.126] (II) vmware(0): Creating default Display subsection in Screen section
	"Default Screen Section" for depth/fbbpp 24/32
[    22.126] (--) vmware(0): DRM driver version is 2.15.0
[    22.126] (==) vmware(0): Depth 24, (--) framebuffer bpp 32
[    22.127] (==) vmware(0): RGB weight 888
[    22.127] (==) vmware(0): Default visual is TrueColor
[    22.127] (--) vmware(0): Min width 1, Max Width 8192.
[    22.127] (--) vmware(0): Min height 1, Max Height 8192.
[    22.127] (II) vmware(0): Output Virtual1 has no monitor section
[    22.127] (II) vmware(0): Output Virtual2 has no monitor section
[    22.127] (II) vmware(0): Output Virtual3 has no monitor section
[    22.127] (II) vmware(0): Output Virtual4 has no monitor section
[    22.127] (II) vmware(0): Output Virtual5 has no monitor section
[    22.128] (II) vmware(0): Output Virtual6 has no monitor section
[    22.128] (II) vmware(0): Output Virtual7 has no monitor section
[    22.128] (II) vmware(0): Output Virtual8 has no monitor section
[    22.128] (II) vmware(0): Printing probed modes for output Virtual1
[    22.128] (II) vmware(0): Modeline "800x600"x60.0   42.75  800 850 900 950  600 650 700 750 -hsync +vsync (45.0 kHz eP)
[    22.128] (II) vmware(0): Modeline "2560x1600"x60.0  348.50  2560 2752 3032 3504  1600 1603 1609 1658 -hsync +vsync (99.5 kHz e)
[    22.128] (II) vmware(0): Modeline "1920x1440"x60.0  234.00  1920 2048 2256 2600  1440 1441 1444 1500 -hsync +vsync (90.0 kHz e)
[    22.128] (II) vmware(0): Modeline "1856x1392"x60.0  218.25  1856 1952 2176 2528  1392 1393 1396 1439 -hsync +vsync (86.3 kHz e)
[    22.128] (II) vmware(0): Modeline "1792x1344"x60.0  204.75  1792 1920 2120 2448  1344 1345 1348 1394 -hsync +vsync (83.6 kHz e)
[    22.128] (II) vmware(0): Modeline "1920x1200"x59.9  193.25  1920 2056 2256 2592  1200 1203 1209 1245 -hsync +vsync (74.6 kHz e)
[    22.129] (II) vmware(0): Modeline "1600x1200"x60.0  162.00  1600 1664 1856 2160  1200 1201 1204 1250 +hsync +vsync (75.0 kHz e)
[    22.129] (II) vmware(0): Modeline "1680x1050"x60.0  146.25  1680 1784 1960 2240  1050 1053 1059 1089 -hsync +vsync (65.3 kHz e)
[    22.129] (II) vmware(0): Modeline "1400x1050"x60.0  121.75  1400 1488 1632 1864  1050 1053 1057 1089 -hsync +vsync (65.3 kHz e)
[    22.129] (II) vmware(0): Modeline "1280x1024"x60.0  108.00  1280 1328 1440 1688  1024 1025 1028 1066 +hsync +vsync (64.0 kHz e)
[    22.129] (II) vmware(0): Modeline "1440x900"x59.9  106.50  1440 1520 1672 1904  900 903 909 934 -hsync +vsync (55.9 kHz e)
[    22.129] (II) vmware(0): Modeline "1280x960"x60.0  108.00  1280 1376 1488 1800  960 961 964 1000 +hsync +vsync (60.0 kHz e)
[    22.130] (II) vmware(0): Modeline "1360x768"x60.0   85.50  1360 1424 1536 1792  768 771 777 795 +hsync +vsync (47.7 kHz e)
[    22.130] (II) vmware(0): Modeline "1280x800"x59.8   83.50  1280 1352 1480 1680  800 803 809 831 +hsync -vsync (49.7 kHz e)
[    22.130] (II) vmware(0): Modeline "1152x864"x75.0  108.00  1152 1216 1344 1600  864 865 868 900 +hsync +vsync (67.5 kHz e)
[    22.130] (II) vmware(0): Modeline "1280x768"x59.9   79.50  1280 1344 1472 1664  768 771 778 798 -hsync +vsync (47.8 kHz e)
[    22.130] (II) vmware(0): Modeline "1024x768"x60.0   65.00  1024 1048 1184 1344  768 771 777 806 -hsync -vsync (48.4 kHz e)
[    22.130] (II) vmware(0): Modeline "800x600"x60.3   40.00  800 840 968 1056  600 601 605 628 +hsync +vsync (37.9 kHz e)
[    22.131] (II) vmware(0): Modeline "640x480"x59.9   25.18  640 656 752 800  480 489 492 525 -hsync -vsync (31.5 kHz e)
[    22.131] (II) vmware(0): EDID for output Virtual2
[    22.131] (II) vmware(0): EDID for output Virtual3
[    22.131] (II) vmware(0): EDID for output Virtual4
[    22.131] (II) vmware(0): EDID for output Virtual5
[    22.131] (II) vmware(0): EDID for output Virtual6
[    22.131] (II) vmware(0): EDID for output Virtual7
[    22.131] (II) vmware(0): EDID for output Virtual8
[    22.131] (II) vmware(0): Output Virtual1 connected
[    22.131] (II) vmware(0): Output Virtual2 disconnected
[    22.131] (II) vmware(0): Output Virtual3 disconnected
[    22.131] (II) vmware(0): Output Virtual4 disconnected
[    22.132] (II) vmware(0): Output Virtual5 disconnected
[    22.132] (II) vmware(0): Output Virtual6 disconnected
[    22.132] (II) vmware(0): Output Virtual7 disconnected
[    22.132] (II) vmware(0): Output Virtual8 disconnected
[    22.132] (II) vmware(0): Using exact sizes for initial modes
[    22.132] (II) vmware(0): Output Virtual1 using initial mode 800x600 +0+0
[    22.132] (==) vmware(0): DPI set to (96, 96)
[    22.132] (==) vmware(0): Using gamma correction (1.0, 1.0, 1.0)
[    22.132] (II) Loading sub module "fb"
[    22.132] (II) LoadModule: "fb"
[    22.132] (II) Loading /usr/lib/xorg/modules/libfb.so
[    22.132] (II) Module fb: vendor="X.Org Foundation"
[    22.132] 	compiled for 1.20.4, module version = 1.0.0
[    22.132] 	ABI class: X.Org ANSI C Emulation, version 0.4
[    22.132] (II) Loading sub module "dri2"
[    22.132] (II) LoadModule: "dri2"
[    22.132] (II) Module "dri2" already built-in
[    22.132] (II) Loading sub module "dri3"
[    22.132] (II) LoadModule: "dri3"
[    22.132] (II) Module "dri3" already built-in
[    22.132] (II) UnloadModule: "modesetting"
[    22.132] (II) Unloading modesetting
[    22.132] (II) UnloadModule: "fbdev"
[    22.132] (II) Unloading fbdev
[    22.132] (II) UnloadSubModule: "fbdevhw"
[    22.133] (II) Unloading fbdevhw
[    22.133] (II) UnloadModule: "vesa"
[    22.133] (II) Unloading vesa
[    22.133] (II) vmware(0): Initialized VMWARE_CTRL extension version 0.2
[    22.137] (WW) vmware(0): Failed to initialize Gallium3D Xa. No render acceleration available.
[    22.138] (WW) vmware(0): Skipped initialization of direct rendering due to lack of render acceleration.
[    22.138] (--) vmware(0): Render acceleration is disabled.
[    22.138] (==) vmware(0): Rendercheck mode is disabled.
[    22.138] (--) vmware(0): Direct rendering (DRI2 3D) is disabled.
[    22.138] (--) vmware(0): Direct rendering (DRI3 3D) is disabled.
[    22.138] (==) vmware(0): Backing store enabled
[    22.138] (==) vmware(0): Silken mouse enabled
[    22.141] (==) vmware(0): DPMS enabled
[    22.141] (II) vmware(0): No 3D acceleration. Not setting up textured video.
[    22.142] (WW) vmware(0): Disabling Xv because no adaptors could be initialized.
[    22.142] (II) Initializing extension Generic Event Extension
[    22.142] (II) Initializing extension SHAPE
[    22.142] (II) Initializing extension MIT-SHM
[    22.142] (II) Initializing extension XInputExtension
[    22.142] (II) Initializing extension XTEST
[    22.143] (II) Initializing extension BIG-REQUESTS
[    22.143] (II) Initializing extension SYNC
[    22.143] (II) Initializing extension XKEYBOARD
[    22.143] (II) Initializing extension XC-MISC
[    22.144] (II) Initializing extension SECURITY
[    22.144] (II) Initializing extension XFIXES
[    22.145] (II) Initializing extension RENDER
[    22.145] (II) Initializing extension RANDR
[    22.145] (II) Initializing extension COMPOSITE
[    22.148] (II) Initializing extension DAMAGE
[    22.149] (II) Initializing extension MIT-SCREEN-SAVER
[    22.149] (II) Initializing extension DOUBLE-BUFFER
[    22.150] (II) Initializing extension RECORD
[    22.150] (II) Initializing extension DPMS
[    22.150] (II) Initializing extension Present
[    22.150] (II) Initializing extension DRI3
[    22.150] (II) Initializing extension X-Resource
[    22.150] (II) Initializing extension XVideo
[    22.151] (II) Initializing extension XVideo-MotionCompensation
[    22.151] (II) Initializing extension SELinux
[    22.151] (II) SELinux: Disabled on system
[    22.151] (II) Initializing extension GLX
[    22.152] (II) AIGLX: Screen 0 is not DRI2 capable
[    22.158] (II) IGLX: Loaded and initialized swrast
[    22.158] (II) GLX: Initialized DRISWRAST GL provider for screen 0
[    22.158] (II) Initializing extension XFree86-VidModeExtension
[    22.159] (II) Initializing extension XFree86-DGA
[    22.159] (II) Initializing extension XFree86-DRI
[    22.159] (II) Initializing extension DRI2
[    22.163] (II) vmware(0): Setting screen physical size to 211 x 158
[    22.224] (II) config/udev: Adding input device Power Button (/dev/input/event0)
[    22.224] (**) Power Button: Applying InputClass "libinput keyboard catchall"
[    22.225] (II) LoadModule: "libinput"
[    22.225] (II) Loading /usr/lib/xorg/modules/input/libinput_drv.so
[    22.226] (II) Module libinput: vendor="X.Org Foundation"
[    22.226] 	compiled for 1.20.1, module version = 0.28.1
[    22.226] 	Module class: X.Org XInput Driver
[    22.226] 	ABI class: X.Org XInput driver, version 24.1
[    22.226] (II) Using input driver 'libinput' for 'Power Button'
[    22.235] (II) systemd-logind: got fd for /dev/input/event0 13:64 fd 21 paused 0
[    22.236] (**) Power Button: always reports core events
[    22.236] (**) Option "Device" "/dev/input/event0"
[    22.236] (**) Option "_source" "server/udev"
[    22.236] (II) event0  - Power Button: is tagged by udev as: Keyboard
[    22.236] (II) event0  - Power Button: device is a keyboard
[    22.236] (II) event0  - Power Button: device removed
[    22.239] (**) Option "config_info" "udev:/sys/devices/LNXSYSTM:00/LNXPWRBN:00/input/input0/event0"
[    22.239] (II) XINPUT: Adding extended input device "Power Button" (type: KEYBOARD, id 6)
[    22.239] (**) Option "xkb_model" "pc105"
[    22.240] (**) Option "xkb_layout" "us"
[    22.241] (II) event0  - Power Button: is tagged by udev as: Keyboard
[    22.241] (II) event0  - Power Button: device is a keyboard
[    22.241] (II) config/udev: Adding input device Sleep Button (/dev/input/event1)
[    22.242] (**) Sleep Button: Applying InputClass "libinput keyboard catchall"
[    22.242] (II) Using input driver 'libinput' for 'Sleep Button'
[    22.243] (II) systemd-logind: got fd for /dev/input/event1 13:65 fd 24 paused 0
[    22.243] (**) Sleep Button: always reports core events
[    22.243] (**) Option "Device" "/dev/input/event1"
[    22.243] (**) Option "_source" "server/udev"
[    22.245] (II) event1  - Sleep Button: is tagged by udev as: Keyboard
[    22.245] (II) event1  - Sleep Button: device is a keyboard
[    22.245] (II) event1  - Sleep Button: device removed
[    22.245] (**) Option "config_info" "udev:/sys/devices/LNXSYSTM:00/LNXSLPBN:00/input/input1/event1"
[    22.245] (II) XINPUT: Adding extended input device "Sleep Button" (type: KEYBOARD, id 7)
[    22.245] (**) Option "xkb_model" "pc105"
[    22.245] (**) Option "xkb_layout" "us"
[    22.246] (II) event1  - Sleep Button: is tagged by udev as: Keyboard
[    22.246] (II) event1  - Sleep Button: device is a keyboard
[    22.247] (II) config/udev: Adding input device Video Bus (/dev/input/event3)
[    22.247] (**) Video Bus: Applying InputClass "libinput keyboard catchall"
[    22.247] (II) Using input driver 'libinput' for 'Video Bus'
[    22.248] (II) systemd-logind: got fd for /dev/input/event3 13:67 fd 25 paused 0
[    22.249] (**) Video Bus: always reports core events
[    22.249] (**) Option "Device" "/dev/input/event3"
[    22.249] (**) Option "_source" "server/udev"
[    22.251] (II) event3  - Video Bus: is tagged by udev as: Keyboard
[    22.251] (II) event3  - Video Bus: device is a keyboard
[    22.251] (II) event3  - Video Bus: device removed
[    22.251] (**) Option "config_info" "udev:/sys/devices/LNXSYSTM:00/LNXSYBUS:00/PNP0A03:00/LNXVIDEO:00/input/input4/event3"
[    22.251] (II) XINPUT: Adding extended input device "Video Bus" (type: KEYBOARD, id 8)
[    22.251] (**) Option "xkb_model" "pc105"
[    22.251] (**) Option "xkb_layout" "us"
[    22.253] (II) event3  - Video Bus: is tagged by udev as: Keyboard
[    22.253] (II) event3  - Video Bus: device is a keyboard
[    22.266] (II) config/udev: Adding input device VirtualBox mouse integration (/dev/input/event6)
[    22.266] (**) VirtualBox mouse integration: Applying InputClass "libinput pointer catchall"
[    22.266] (II) Using input driver 'libinput' for 'VirtualBox mouse integration'
[    22.267] (II) systemd-logind: got fd for /dev/input/event6 13:70 fd 26 paused 0
[    22.267] (**) VirtualBox mouse integration: always reports core events
[    22.267] (**) Option "Device" "/dev/input/event6"
[    22.269] (**) Option "_source" "server/udev"
[    22.269] (II) event6  - VirtualBox mouse integration: is tagged by udev as: Mouse
[    22.269] (II) event6  - VirtualBox mouse integration: device is a pointer
[    22.269] (II) event6  - VirtualBox mouse integration: device removed
[    22.269] (**) Option "config_info" "udev:/sys/devices/pci0000:00/0000:00:04.0/input/input7/event6"
[    22.270] (II) XINPUT: Adding extended input device "VirtualBox mouse integration" (type: MOUSE, id 9)
[    22.270] (**) Option "AccelerationScheme" "none"
[    22.270] (**) VirtualBox mouse integration: (accel) selected scheme none/0
[    22.270] (**) VirtualBox mouse integration: (accel) acceleration factor: 2.000
[    22.270] (**) VirtualBox mouse integration: (accel) acceleration threshold: 4
[    22.271] (II) event6  - VirtualBox mouse integration: is tagged by udev as: Mouse
[    22.271] (II) event6  - VirtualBox mouse integration: device is a pointer
[    22.272] (II) config/udev: Adding input device VirtualBox mouse integration (/dev/input/js1)
[    22.272] (II) No input driver specified, ignoring this device.
[    22.272] (II) This device may have been added with another device file.
[    22.273] (II) config/udev: Adding input device VirtualBox USB Tablet (/dev/input/event5)
[    22.273] (**) VirtualBox USB Tablet: Applying InputClass "libinput pointer catchall"
[    22.273] (II) Using input driver 'libinput' for 'VirtualBox USB Tablet'
[    22.274] (II) systemd-logind: got fd for /dev/input/event5 13:69 fd 27 paused 0
[    22.274] (**) VirtualBox USB Tablet: always reports core events
[    22.274] (**) Option "Device" "/dev/input/event5"
[    22.274] (**) Option "_source" "server/udev"
[    22.275] (II) event5  - VirtualBox USB Tablet: is tagged by udev as: Mouse
[    22.275] (II) event5  - VirtualBox USB Tablet: device is a pointer
[    22.275] (II) event5  - VirtualBox USB Tablet: device removed
[    22.276] (**) Option "config_info" "udev:/sys/devices/pci0000:00/0000:00:06.0/usb2/2-1/2-1:1.0/0003:80EE:0021.0001/input/input6/event5"
[    22.276] (II) XINPUT: Adding extended input device "VirtualBox USB Tablet" (type: MOUSE, id 10)
[    22.276] (**) Option "AccelerationScheme" "none"
[    22.277] (**) VirtualBox USB Tablet: (accel) selected scheme none/0
[    22.277] (**) VirtualBox USB Tablet: (accel) acceleration factor: 2.000
[    22.277] (**) VirtualBox USB Tablet: (accel) acceleration threshold: 4
[    22.278] (II) event5  - VirtualBox USB Tablet: is tagged by udev as: Mouse
[    22.278] (II) event5  - VirtualBox USB Tablet: device is a pointer
[    22.278] (II) config/udev: Adding input device VirtualBox USB Tablet (/dev/input/js0)
[    22.278] (II) No input driver specified, ignoring this device.
[    22.278] (II) This device may have been added with another device file.
[    22.280] (II) config/udev: Adding input device VirtualBox USB Tablet (/dev/input/mouse1)
[    22.280] (II) No input driver specified, ignoring this device.
[    22.280] (II) This device may have been added with another device file.
[    22.280] (II) config/udev: Adding input device AT Translated Set 2 keyboard (/dev/input/event2)
[    22.281] (**) AT Translated Set 2 keyboard: Applying InputClass "libinput keyboard catchall"
[    22.281] (II) Using input driver 'libinput' for 'AT Translated Set 2 keyboard'
[    22.282] (II) systemd-logind: got fd for /dev/input/event2 13:66 fd 28 paused 0
[    22.283] (**) AT Translated Set 2 keyboard: always reports core events
[    22.283] (**) Option "Device" "/dev/input/event2"
[    22.283] (**) Option "_source" "server/udev"
[    22.283] (II) event2  - AT Translated Set 2 keyboard: is tagged by udev as: Keyboard
[    22.283] (II) event2  - AT Translated Set 2 keyboard: device is a keyboard
[    22.283] (II) event2  - AT Translated Set 2 keyboard: device removed
[    22.283] (**) Option "config_info" "udev:/sys/devices/platform/i8042/serio0/input/input2/event2"
[    22.284] (II) XINPUT: Adding extended input device "AT Translated Set 2 keyboard" (type: KEYBOARD, id 11)
[    22.284] (**) Option "xkb_model" "pc105"
[    22.284] (**) Option "xkb_layout" "us"
[    22.285] (II) event2  - AT Translated Set 2 keyboard: is tagged by udev as: Keyboard
[    22.285] (II) event2  - AT Translated Set 2 keyboard: device is a keyboard
[    22.286] (II) config/udev: Adding input device ImExPS/2 Generic Explorer Mouse (/dev/input/event4)
[    22.286] (**) ImExPS/2 Generic Explorer Mouse: Applying InputClass "libinput pointer catchall"
[    22.286] (II) Using input driver 'libinput' for 'ImExPS/2 Generic Explorer Mouse'
[    22.287] (II) systemd-logind: got fd for /dev/input/event4 13:68 fd 29 paused 0
[    22.287] (**) ImExPS/2 Generic Explorer Mouse: always reports core events
[    22.287] (**) Option "Device" "/dev/input/event4"
[    22.287] (**) Option "_source" "server/udev"
[    22.289] (II) event4  - ImExPS/2 Generic Explorer Mouse: is tagged by udev as: Mouse
[    22.289] (II) event4  - ImExPS/2 Generic Explorer Mouse: device is a pointer
[    22.289] (II) event4  - ImExPS/2 Generic Explorer Mouse: device removed
[    22.289] (**) Option "config_info" "udev:/sys/devices/platform/i8042/serio1/input/input5/event4"
[    22.289] (II) XINPUT: Adding extended input device "ImExPS/2 Generic Explorer Mouse" (type: MOUSE, id 12)
[    22.289] (**) Option "AccelerationScheme" "none"
[    22.289] (**) ImExPS/2 Generic Explorer Mouse: (accel) selected scheme none/0
[    22.289] (**) ImExPS/2 Generic Explorer Mouse: (accel) acceleration factor: 2.000
[    22.290] (**) ImExPS/2 Generic Explorer Mouse: (accel) acceleration threshold: 4
[    22.290] (II) event4  - ImExPS/2 Generic Explorer Mouse: is tagged by udev as: Mouse
[    22.290] (II) event4  - ImExPS/2 Generic Explorer Mouse: device is a pointer
[    22.292] (II) config/udev: Adding input device ImExPS/2 Generic Explorer Mouse (/dev/input/mouse0)
[    22.292] (II) No input driver specified, ignoring this device.
[    22.292] (II) This device may have been added with another device file.
